<?xml version="1.0" encoding="UTF-8"?>
<testsuite name="Scenario: eaten many cukes and wait 2 and growl" tests="4" skipped="0" failures="0" errors="0" timestamp="2022-02-06T06:24:26" hostname="DESKTOP-5B35QQB" time="0.002">
  <properties/>
  <testcase name="Given I have eaten 11 cukes" classname="Scenario: eaten many cukes and wait 2 and growl" time="0.0"/>
  <testcase name="When I wait 2 hour" classname="Scenario: eaten many cukes and wait 2 and growl" time="0.0"/>
  <testcase name="Then my Belly should growl" classname="Scenario: eaten many cukes and wait 2 and growl" time="0.0"/>
  <testcase name="classMethod" classname="Scenario: eaten many cukes and wait 2 and growl" time="0.071"/>
  <system-out><![CDATA[I'm eating 11 cukes!
I ate 11 cucumbers.
]]></system-out>
  <system-err><![CDATA[]]></system-err>
</testsuite>
