<?xml version="1.0" encoding="UTF-8"?>
<testsuite name="Scenario: eaten few cukes and not growl" tests="4" skipped="0" failures="0" errors="0" timestamp="2022-02-06T06:24:26" hostname="DESKTOP-5B35QQB" time="0.001">
  <properties/>
  <testcase name="Given I have eaten 10 cukes" classname="Scenario: eaten few cukes and not growl" time="0.001"/>
  <testcase name="When I wait 2 hour" classname="Scenario: eaten few cukes and not growl" time="0.0"/>
  <testcase name="Then my Belly should not growl" classname="Scenario: eaten few cukes and not growl" time="0.0"/>
  <testcase name="classMethod" classname="Scenario: eaten few cukes and not growl" time="0.001"/>
  <system-out><![CDATA[I'm eating 10 cukes!
I ate 10 cucumbers.
]]></system-out>
  <system-err><![CDATA[]]></system-err>
</testsuite>
