<?xml version="1.0" encoding="UTF-8"?>
<testsuite name="| 3 |  | EDIT_RECIPE |" tests="4" skipped="0" failures="0" errors="0" timestamp="2022-02-11T06:00:52" hostname="DESKTOP-5B35QQB" time="0.002">
  <properties/>
  <testcase name="Given a default recipe book" classname="| 3 |  | EDIT_RECIPE |" time="0.0"/>
  <testcase name="When I entered the option 3" classname="| 3 |  | EDIT_RECIPE |" time="0.0"/>
  <testcase name="Then the coffee maker should return to the EDIT_RECIPE mode" classname="| 3 |  | EDIT_RECIPE |" time="0.0"/>
  <testcase name="classMethod" classname="| 3 |  | EDIT_RECIPE |" time="0.006"/>
  <system-out><![CDATA[]]></system-out>
  <system-err><![CDATA[]]></system-err>
</testsuite>
