<?xml version="1.0" encoding="UTF-8"?>
<testsuite name="Scenario: Delete a Recipe" tests="5" skipped="0" failures="0" errors="0" timestamp="2022-02-11T06:00:52" hostname="DESKTOP-5B35QQB" time="0.001">
  <properties/>
  <testcase name="Given a default recipe book" classname="Scenario: Delete a Recipe" time="0.0"/>
  <testcase name="When user delete Recipe 1" classname="Scenario: Delete a Recipe" time="0.0"/>
  <testcase name="Then the coffee maker should return to the WAITING mode" classname="Scenario: Delete a Recipe" time="0.0"/>
  <testcase name="And the status should be OK" classname="Scenario: Delete a Recipe" time="0.0"/>
  <testcase name="classMethod" classname="Scenario: Delete a Recipe" time="0.001"/>
  <system-out><![CDATA[]]></system-out>
  <system-err><![CDATA[]]></system-err>
</testsuite>
