<?xml version="1.0" encoding="UTF-8"?>
<testsuite name="Scenario: Edit a Recipe out of range 2" tests="5" skipped="0" failures="0" errors="0" timestamp="2022-02-11T06:00:52" hostname="DESKTOP-5B35QQB" time="0.001">
  <properties/>
  <testcase name="Given an empty recipe book" classname="Scenario: Edit a Recipe out of range 2" time="0.001"/>
  <testcase name="When user edit recipe 6 which doesn't exist" classname="Scenario: Edit a Recipe out of range 2" time="0.0"/>
  <testcase name="And the coffee maker should return to the WAITING mode" classname="Scenario: Edit a Recipe out of range 2" time="0.0"/>
  <testcase name="And the status should be OUT_OF_RANGE" classname="Scenario: Edit a Recipe out of range 2" time="0.0"/>
  <testcase name="classMethod" classname="Scenario: Edit a Recipe out of range 2" time="0.001"/>
  <system-out><![CDATA[]]></system-out>
  <system-err><![CDATA[]]></system-err>
</testsuite>
