<?xml version="1.0" encoding="UTF-8"?>
<testsuite name="edu.ncsu.csc326.coffeemaker.RunCukesTest" tests="0" skipped="0" failures="0" errors="0" timestamp="1970-01-01T00:00:00" hostname="DESKTOP-5B35QQB" time="0.0">
  <properties/>
  <system-out><![CDATA[edu.ncsu.csc326.coffeemaker.exceptions.InventoryException: Units of sugar must be a positive integer
Money in machine: 120
using recipes succeeded
moneyInserted: 120 remainder: 70
Beverage purchased.
No recipe!
moneyInserted: 0 remainder: 0
Money in machine: 30
not enough money: 50
moneyInserted: 30 remainder: 30
Money in machine: 120
using recipes failed: 75
moneyInserted: 120 remainder: 120

?[31mFailed scenarios:?[0m
?[31medu/ncsu/csc326/coffeemaker/CoffeeMaker.feature:96 ?[0m# Scenario: Delete an Recipe out of range 1
?[31medu/ncsu/csc326/coffeemaker/CoffeeMaker.feature:110 ?[0m# Scenario: Edit a Recipe
?[31medu/ncsu/csc326/coffeemaker/CoffeeMaker.feature:139 ?[0m# Scenario: Add Inventory
?[31medu/ncsu/csc326/coffeemaker/CoffeeMaker.feature:173 ?[0m# Scenario: Purchase Beverage

22 Scenarios (?[31m4 failed?[0m, ?[32m18 passed?[0m)
89 Steps (?[31m4 failed?[0m, ?[36m9 skipped?[0m, ?[32m76 passed?[0m)
0m0.133s

java.lang.ArrayIndexOutOfBoundsException: 6
	at edu.ncsu.csc326.coffeemaker.RecipeBook.deleteRecipe(RecipeBook.java:71)
	at edu.ncsu.csc326.coffeemaker.CoffeeMaker.deleteRecipe(CoffeeMaker.java:56)
	at edu.ncsu.csc326.coffeemaker.CoffeeMakerUI.UI_Input(CoffeeMakerUI.java:95)
	at edu.ncsu.csc326.coffeemaker.TestSteps.user_delete_Recipe(TestSteps.java:260)
	at ?.When user delete Recipe 6(edu/ncsu/csc326/coffeemaker/CoffeeMaker.feature:99)

org.junit.ComparisonFailure: expected:<[Coffee]> but was:<[]>
	at org.junit.Assert.assertEquals(Assert.java:115)
	at org.junit.Assert.assertEquals(Assert.java:144)
	at edu.ncsu.csc326.coffeemaker.TestSteps.check_updated_recipe(TestSteps.java:202)
	at ?.Then check updated recipe 0(edu/ncsu/csc326/coffeemaker/CoffeeMaker.feature:121)

org.junit.ComparisonFailure: expected:<... 25
Milk: 24
Sugar: [23
Chocolate: 22]
> but was:<... 25
Milk: 24
Sugar: [15
Chocolate: 15]
>
	at org.junit.Assert.assertEquals(Assert.java:115)
	at org.junit.Assert.assertEquals(Assert.java:144)
	at edu.ncsu.csc326.coffeemaker.TestSteps.check_inventory(TestSteps.java:195)
	at ?.Then check inventory(edu/ncsu/csc326/coffeemaker/CoffeeMaker.feature:152)

org.junit.ComparisonFailure: expected:<Coffee: 1[2]
Milk: 14
Sugar: 14
...> but was:<Coffee: 1[8]
Milk: 14
Sugar: 14
...>
	at org.junit.Assert.assertEquals(Assert.java:115)
	at org.junit.Assert.assertEquals(Assert.java:144)
	at edu.ncsu.csc326.coffeemaker.TestSteps.check_inventory(TestSteps.java:195)
	at ?.Then check inventory(edu/ncsu/csc326/coffeemaker/CoffeeMaker.feature:187)

]]></system-out>
  <system-err><![CDATA[]]></system-err>
</testsuite>
