<?xml version="1.0" encoding="UTF-8"?>
<testsuite name="| 1 |  | ADD_RECIPE |" tests="4" skipped="0" failures="0" errors="0" timestamp="2022-02-11T22:30:11" hostname="DESKTOP-5B35QQB" time="0.006">
  <properties/>
  <testcase name="Given a default recipe book" classname="| 1 |  | ADD_RECIPE |" time="0.001"/>
  <testcase name="When I entered the option 1" classname="| 1 |  | ADD_RECIPE |" time="0.0"/>
  <testcase name="Then the coffee maker should return to the ADD_RECIPE mode" classname="| 1 |  | ADD_RECIPE |" time="0.0"/>
  <testcase name="classMethod" classname="| 1 |  | ADD_RECIPE |" time="0.09"/>
  <system-out><![CDATA[]]></system-out>
  <system-err><![CDATA[]]></system-err>
</testsuite>
