<?xml version="1.0" encoding="UTF-8"?>
<testsuite name="Scenario: Purchase Beverage without enough money" tests="6" skipped="0" failures="0" errors="0" timestamp="2022-02-11T22:30:11" hostname="DESKTOP-5B35QQB" time="0.002">
  <properties/>
  <testcase name="Given a default recipe book" classname="Scenario: Purchase Beverage without enough money" time="0.0"/>
  <testcase name="When insert money 30" classname="Scenario: Purchase Beverage without enough money" time="0.0"/>
  <testcase name="When purchase coffee 0" classname="Scenario: Purchase Beverage without enough money" time="0.0"/>
  <testcase name="Then the coffee maker should return to the WAITING mode" classname="Scenario: Purchase Beverage without enough money" time="0.0"/>
  <testcase name="And the status should be INSUFFICIENT_FUNDS" classname="Scenario: Purchase Beverage without enough money" time="0.0"/>
  <testcase name="classMethod" classname="Scenario: Purchase Beverage without enough money" time="0.002"/>
  <system-out><![CDATA[]]></system-out>
  <system-err><![CDATA[]]></system-err>
</testsuite>
