<?xml version="1.0" encoding="UTF-8"?>
<testsuite name="Scenario: Add a Recipe with wrong input" tests="2" skipped="0" failures="0" errors="0" timestamp="2022-02-12T06:52:18" hostname="DESKTOP-5B35QQB" time="0.0">
  <properties/>
  <testcase name="When user submits a recipe with wrong input it will catch the exception" classname="Scenario: Add a Recipe with wrong input" time="0.0"/>
  <testcase name="classMethod" classname="Scenario: Add a Recipe with wrong input" time="0.001"/>
  <system-out><![CDATA[]]></system-out>
  <system-err><![CDATA[]]></system-err>
</testsuite>
