<?xml version="1.0" encoding="UTF-8"?>
<testsuite name="Scenario: Edit a Recipe" tests="6" skipped="0" failures="0" errors="0" timestamp="2022-02-12T06:52:18" hostname="DESKTOP-5B35QQB" time="0.001">
  <properties/>
  <testcase name="Given a default recipe book" classname="Scenario: Edit a Recipe" time="0.0"/>
  <testcase name="When user edit recipe 0" classname="Scenario: Edit a Recipe" time="0.0"/>
  <testcase name="Then check updated recipe 0" classname="Scenario: Edit a Recipe" time="0.0"/>
  <testcase name="And the coffee maker should return to the WAITING mode" classname="Scenario: Edit a Recipe" time="0.0"/>
  <testcase name="And the status should be OK" classname="Scenario: Edit a Recipe" time="0.0"/>
  <testcase name="classMethod" classname="Scenario: Edit a Recipe" time="0.001"/>
  <system-out><![CDATA[]]></system-out>
  <system-err><![CDATA[]]></system-err>
</testsuite>
