<?xml version="1.0" encoding="UTF-8"?>
<testsuite name="Scenario: Check Inventory from the main menu" tests="6" skipped="0" failures="0" errors="0" timestamp="2022-02-12T06:52:18" hostname="DESKTOP-5B35QQB" time="0.001">
  <properties/>
  <testcase name="Given an empty recipe book" classname="Scenario: Check Inventory from the main menu" time="0.0"/>
  <testcase name="When I entered the option 5" classname="Scenario: Check Inventory from the main menu" time="0.0"/>
  <testcase name="Then the coffee maker should return to the CHECK_INVENTORY mode" classname="Scenario: Check Inventory from the main menu" time="0.0"/>
  <testcase name="And the status should be OK" classname="Scenario: Check Inventory from the main menu" time="0.001"/>
  <testcase name="Then check inventory from the main menu" classname="Scenario: Check Inventory from the main menu" time="0.0"/>
  <testcase name="classMethod" classname="Scenario: Check Inventory from the main menu" time="0.001"/>
  <system-out><![CDATA[]]></system-out>
  <system-err><![CDATA[]]></system-err>
</testsuite>
