<?xml version="1.0" encoding="UTF-8"?>
<testsuite name="| 0 |  | WAITING |" tests="4" skipped="0" failures="0" errors="0" timestamp="2022-02-12T06:52:18" hostname="DESKTOP-5B35QQB" time="0.0">
  <properties/>
  <testcase name="Given a default recipe book" classname="| 0 |  | WAITING |" time="0.0"/>
  <testcase name="When I entered the option 0" classname="| 0 |  | WAITING |" time="0.0"/>
  <testcase name="Then the coffee maker should return to the WAITING mode" classname="| 0 |  | WAITING |" time="0.0"/>
  <testcase name="classMethod" classname="| 0 |  | WAITING |" time="0.0"/>
  <system-out><![CDATA[]]></system-out>
  <system-err><![CDATA[]]></system-err>
</testsuite>
