<?xml version="1.0" encoding="UTF-8"?>
<testsuite name="Scenario: Insert money" tests="5" skipped="0" failures="0" errors="0" timestamp="2022-02-12T06:52:18" hostname="DESKTOP-5B35QQB" time="0.0">
  <properties/>
  <testcase name="Given an empty recipe book" classname="Scenario: Insert money" time="0.0"/>
  <testcase name="When insert money -5" classname="Scenario: Insert money" time="0.0"/>
  <testcase name="Then the coffee maker should return to the WAITING mode" classname="Scenario: Insert money" time="0.0"/>
  <testcase name="And the status should be OUT_OF_RANGE" classname="Scenario: Insert money" time="0.0"/>
  <testcase name="classMethod" classname="Scenario: Insert money" time="0.001"/>
  <system-out><![CDATA[]]></system-out>
  <system-err><![CDATA[]]></system-err>
</testsuite>
