<?xml version="1.0" encoding="UTF-8"?>
<testsuite name="Scenario: Purchase Beverage" tests="8" skipped="0" failures="0" errors="0" timestamp="2022-02-12T06:52:18" hostname="DESKTOP-5B35QQB" time="0.002">
  <properties/>
  <testcase name="Given a default recipe book" classname="Scenario: Purchase Beverage" time="0.0"/>
  <testcase name="When insert money 120" classname="Scenario: Purchase Beverage" time="0.0"/>
  <testcase name="When purchase coffee 0" classname="Scenario: Purchase Beverage" time="0.0"/>
  <testcase name="Then check inventory" classname="Scenario: Purchase Beverage" time="0.0"/>
  <testcase name="And the coffee maker should return to the WAITING mode" classname="Scenario: Purchase Beverage" time="0.0"/>
  <testcase name="And the status should be OK" classname="Scenario: Purchase Beverage" time="0.0"/>
  <testcase name="And we should take money from tray 70" classname="Scenario: Purchase Beverage" time="0.0"/>
  <testcase name="classMethod" classname="Scenario: Purchase Beverage" time="0.002"/>
  <system-out><![CDATA[]]></system-out>
  <system-err><![CDATA[]]></system-err>
</testsuite>
