<?xml version="1.0" encoding="UTF-8"?>
<testsuite name="Scenario: Purchase Beverage without enough chocolate" tests="7" skipped="0" failures="0" errors="0" timestamp="2022-02-12T06:52:18" hostname="DESKTOP-5B35QQB" time="0.001">
  <properties/>
  <testcase name="Given an empty recipe book" classname="Scenario: Purchase Beverage without enough chocolate" time="0.0"/>
  <testcase name="When user submits a recipe" classname="Scenario: Purchase Beverage without enough chocolate" time="0.0"/>
  <testcase name="When insert money 20" classname="Scenario: Purchase Beverage without enough chocolate" time="0.0"/>
  <testcase name="When purchase coffee 0" classname="Scenario: Purchase Beverage without enough chocolate" time="0.0"/>
  <testcase name="Then the coffee maker should return to the WAITING mode" classname="Scenario: Purchase Beverage without enough chocolate" time="0.0"/>
  <testcase name="And the status should be INSUFFICIENT_FUNDS" classname="Scenario: Purchase Beverage without enough chocolate" time="0.0"/>
  <testcase name="classMethod" classname="Scenario: Purchase Beverage without enough chocolate" time="0.002"/>
  <system-out><![CDATA[]]></system-out>
  <system-err><![CDATA[]]></system-err>
</testsuite>
